2024-10-17 02:01:52,961 - INFO - Crawling URL: https://hrworld-sa.com/temp
2024-10-17 02:01:53,950 - INFO - Crawling URL: https://hrworld-sa.com/hrguide2.aspx
2024-10-17 02:01:55,051 - INFO - Crawling URL: https://hrworld-sa.com/06
2024-10-17 02:01:55,786 - INFO - Crawling URL: https://hrworld-sa.com/11
2024-10-17 02:01:56,571 - INFO - Crawling URL: https://hrworld-sa.com/09
2024-10-17 02:01:57,901 - INFO - Crawling URL: https://hrworld-sa.com/tmp/courses/KPI_Professional.pdf
2024-10-17 02:02:24,841 - WARNING - Some characters could not be decoded, and were replaced with REPLACEMENT CHARACTER.
2024-10-17 02:02:24,891 - INFO - Crawling URL: https://hrworld-sa.com/12
2024-10-17 02:02:25,755 - INFO - Crawling URL: https://hrworld-sa.com/servord.aspx?s=3
2024-10-17 02:02:26,670 - INFO - Crawling URL: https://hrworld-sa.com/hrbook
2024-10-17 02:02:27,373 - INFO - Crawling URL: https://hrworld-sa.com/worktool
2024-10-17 02:02:28,177 - INFO - Crawling URL: https://hrworld-sa.com/jdesc
2024-10-17 02:02:28,973 - INFO - Crawling URL: https://hrworld-sa.com/01
2024-10-17 02:02:29,871 - INFO - Crawling URL: https://hrworld-sa.com/summ
2024-10-17 02:02:30,591 - INFO - Crawling URL: https://hrworld-sa.com/labcul
2024-10-17 02:02:31,499 - INFO - Crawling URL: https://hrworld-sa.com/10
2024-10-17 02:02:32,245 - INFO - Crawling URL: https://hrworld-sa.com/hrguide2
2024-10-17 02:02:33,236 - INFO - Crawling URL: https://hrworld-sa.com/03
2024-10-17 02:02:33,995 - INFO - Crawling URL: https://hrworld-sa.com#home
2024-10-17 02:02:35,325 - INFO - Crawling URL: https://hrworld-sa.com/05
2024-10-17 02:02:36,060 - INFO - Crawling URL: https://hrworld-sa.com/08
2024-10-17 02:02:36,838 - INFO - Crawling URL: https://hrworld-sa.com/procer.aspx
2024-10-17 02:02:37,628 - INFO - Crawling URL: https://hrworld-sa.com#contact
2024-10-17 02:02:38,648 - INFO - Crawling URL: https://hrworld-sa.com/hrstore.aspx
2024-10-17 02:02:39,680 - INFO - Found DOCX: https://docs.google.com/gview?url=https://www.hrworld-sa.com/tmp/hrstore/1/01.docx
2024-10-17 02:02:39,680 - INFO - Found DOCX: https://docs.google.com/gview?url=https://www.hrworld-sa.com/tmp/hrstore/2/01.docx
2024-10-17 02:02:39,681 - INFO - Found DOCX: https://docs.google.com/gview?url=https://www.hrworld-sa.com/tmp/hrstore/3/01.docx
2024-10-17 02:02:39,681 - INFO - Found DOCX: https://docs.google.com/gview?url=https://www.hrworld-sa.com/tmp/hrstore/4/01.docx
2024-10-17 02:02:39,681 - INFO - Found DOCX: https://docs.google.com/gview?url=https://www.hrworld-sa.com/tmp/hrstore/5/01.docx
2024-10-17 02:02:39,681 - INFO - Found DOCX: https://docs.google.com/gview?url=https://www.hrworld-sa.com/tmp/hrstore/6/01.docx
2024-10-17 02:02:39,681 - INFO - Found DOCX: https://docs.google.com/gview?url=https://www.hrworld-sa.com/tmp/hrstore/7/01.docx
2024-10-17 02:02:39,681 - INFO - Found DOCX: https://docs.google.com/gview?url=https://www.hrworld-sa.com/tmp/hrstore/8/01.docx
2024-10-17 02:02:39,681 - INFO - Found DOCX: https://docs.google.com/gview?url=https://www.hrworld-sa.com/tmp/hrstore/9/01.docx
2024-10-17 02:02:41,008 - INFO - Downloaded DOCX: https://docs.google.com/gview?url=https://www.hrworld-sa.com/tmp/hrstore/4/01.docx to docs/01.docx
2024-10-17 02:02:41,009 - INFO - Downloaded DOCX: https://docs.google.com/gview?url=https://www.hrworld-sa.com/tmp/hrstore/7/01.docx to docs/01.docx
2024-10-17 02:02:41,010 - INFO - Downloaded DOCX: https://docs.google.com/gview?url=https://www.hrworld-sa.com/tmp/hrstore/8/01.docx to docs/01.docx
2024-10-17 02:02:41,010 - INFO - Downloaded DOCX: https://docs.google.com/gview?url=https://www.hrworld-sa.com/tmp/hrstore/5/01.docx to docs/01.docx
2024-10-17 02:02:41,010 - INFO - Downloaded DOCX: https://docs.google.com/gview?url=https://www.hrworld-sa.com/tmp/hrstore/1/01.docx to docs/01.docx
2024-10-17 02:02:41,694 - INFO - Downloaded DOCX: https://docs.google.com/gview?url=https://www.hrworld-sa.com/tmp/hrstore/9/01.docx to docs/01.docx
2024-10-17 02:02:41,710 - INFO - Downloaded DOCX: https://docs.google.com/gview?url=https://www.hrworld-sa.com/tmp/hrstore/3/01.docx to docs/01.docx
2024-10-17 02:02:41,711 - INFO - Downloaded DOCX: https://docs.google.com/gview?url=https://www.hrworld-sa.com/tmp/hrstore/2/01.docx to docs/01.docx
2024-10-17 02:02:42,017 - INFO - Downloaded DOCX: https://docs.google.com/gview?url=https://www.hrworld-sa.com/tmp/hrstore/6/01.docx to docs/01.docx
2024-10-17 02:02:42,017 - INFO - Crawling URL: https://hrworld-sa.com/jobseek
2024-10-17 02:02:42,727 - INFO - Crawling URL: https://hrworld-sa.com#about
2024-10-17 02:02:43,743 - INFO - Crawling URL: https://hrworld-sa.com/tmp/courses/KPI_Professional_Practitioner.pdf
2024-10-17 02:03:11,499 - WARNING - Some characters could not be decoded, and were replaced with REPLACEMENT CHARACTER.
2024-10-17 02:03:11,520 - INFO - Crawling URL: https://hrworld-sa.com#resume
2024-10-17 02:03:12,924 - INFO - Crawling URL: https://hrworld-sa.com/02
2024-10-17 02:03:13,683 - INFO - Crawling URL: https://hrworld-sa.com/04
2024-10-17 02:03:14,426 - INFO - Crawling URL: https://hrworld-sa.com#portfolio
2024-10-17 02:03:15,479 - INFO - Crawling URL: https://hrworld-sa.com/temp02
2024-10-17 02:03:16,432 - INFO - Crawling URL: https://hrworld-sa.com/07
2024-10-17 02:03:17,149 - INFO - Crawling URL: https://hrworld-sa.com#blog
2024-10-17 02:03:18,553 - INFO - Crawling URL: https://hrworld-sa.com/train
2024-10-17 02:03:19,395 - INFO - Crawling URL: https://hrworld-sa.com/servord.aspx?s=4
